<?xml version="1.0" encoding="UTF-8"?>
<testsuite name="hotstone.standard.TestAlphaStone" tests="3" skipped="0" failures="0" errors="0" timestamp="2024-08-28T10:00:12" hostname="mbptilhstoffer2.eduroam.net.au.dk" time="0.016">
  <properties/>
  <testcase name="shouldDefinitelyBeRemoved()" classname="hotstone.standard.TestAlphaStone" time="0.013"/>
  <testcase name="shouldHaveFindusAsFirstPlayer()" classname="hotstone.standard.TestAlphaStone" time="0.001"/>
  <testcase name="shouldHaveUnoDosTresCardsInitially()" classname="hotstone.standard.TestAlphaStone" time="0.0"/>
  <system-out><![CDATA[]]></system-out>
  <system-err><![CDATA[]]></system-err>
</testsuite>
