<?xml version="1.0" encoding="UTF-8"?>
<testsuite name="hotstone.standard.TestAlphaStone" tests="3" skipped="0" failures="0" errors="0" timestamp="2024-08-28T09:49:37" hostname="mbptilhstoffer2.eduroam.net.au.dk" time="0.023">
  <properties/>
  <testcase name="shouldDefinitelyBeRemoved()" classname="hotstone.standard.TestAlphaStone" time="0.019"/>
  <testcase name="shouldHaveFindusAsFirstPlayer()" classname="hotstone.standard.TestAlphaStone" time="0.001"/>
  <testcase name="shouldHaveUnoDosTresCardsInitially()" classname="hotstone.standard.TestAlphaStone" time="0.001"/>
  <system-out><![CDATA[]]></system-out>
  <system-err><![CDATA[]]></system-err>
</testsuite>
